[19:26:36] Loaded English game strings
[19:26:37] Loaded monster data
[19:26:37] Loaded abnormalities data
[19:26:37] Loaded 101 different item crafting recipes!
[19:26:37] Initializing HunterPie!
[19:26:37] [MODULE] Pre loading modules
[19:26:37] [MODULE] Pre loaded 0 module(s) in 1ms
[19:26:38] Loaded 'MonsterHunterWorld.421810.map'
[19:26:38] [LOG] Monster Hunter: World (421810) found! (PID: 20708)
[19:26:38] [GMD] Indexed common\text\steam\item_eng (Strings: 5550 | Chunk Size: 247515 Bytes)
[19:26:38] [GMD] Indexed common\text\vfont\music_skill_en (Strings: 99 | Chunk Size: 2269 Bytes)
[19:26:38] [GMD] Indexed common\text\em_names_eng (Strings: 208 | Chunk Size: 9983 Bytes)
[19:26:38] [MODULE] Loaded 0 module(s) in 0ms
[19:26:38] Injected HunterPie.Native.dll succesfully!
[19:26:38] [Socket] Connected to HunterPie.Native!
[19:26:38] Initialized overlay with 9 widgets!
[19:26:38] [DISCORD] Starting new RPC connection
[19:26:38] Initialized player memory scanner
[19:26:38] Initialized monster(1) scanner
[19:26:38] Initialized monster(2) scanner
[19:26:38] Initialized monster(3) scanner
[19:26:38] Initialized game memory scanner
[19:26:38] [LOG] Logged on Crepe12
[19:26:38] [LOG] SESSION: c3@uTKjebuyR
[19:26:39] [DISCORD] Connected to Discord on user: crepe12#0000
[19:46:31] [LOG] SESSION: 
[19:46:33] [LOG] Game process closed!
[19:46:33] [MODULE] Unloaded all modules.
[19:46:33] Stopping game scanner
[19:46:33] [LOG] HunterPie is ready! Waiting for game process to start...
